<?xml version="1.0" encoding="UTF-8"?>
<TestRun id="db14d329-4b68-4076-b891-9ad92dcd34eb" name="adebna@BLRADEBNA15041 2012-06-21 20:44:24" runUser="SAPIENT\adebna" xmlns="http://microsoft.com/schemas/VisualStudio/TeamTest/2010">
  <TestSettings name="Default Test Settings" id="5a2a7bae-6363-4955-b20e-b75c23933ea6">
    <Deployment runDeploymentRoot="adebna_BLRADEBNA15041 2012-06-21 20_44_24">
      <DeploymentItem filename="C:\Program Files (x86)\Microsoft Enterprise Library 5.0\Bin\Microsoft.Practices.EnterpriseLibrary.Data.dll" />
      <DeploymentItem filename="C:\Program Files (x86)\Microsoft Enterprise Library 5.0\Bin\Microsoft.Practices.Unity.dll" />
      <DeploymentItem filename="C:\Program Files (x86)\Microsoft Enterprise Library 5.0\Bin\Microsoft.Practices.EnterpriseLibrary.Common.dll" />
      <DeploymentItem filename="C:\Program Files (x86)\Microsoft Enterprise Library 5.0\Bin\Microsoft.Practices.Unity.Configuration.dll" />
      <DeploymentItem filename="C:\Program Files (x86)\Microsoft Enterprise Library 5.0\Bin\Microsoft.Practices.Unity.Interception.dll" />
      <DeploymentItem filename="C:\Program Files (x86)\Microsoft Enterprise Library 5.0\Bin\Microsoft.Practices.Unity.Interception.Configuration.dll" />
      <DeploymentItem filename="C:\Program Files (x86)\Microsoft Enterprise Library 5.0\Bin\Microsoft.Practices.ServiceLocation.dll" />
      <DeploymentItem filename="C:\Users\adebna\Documents\Visual Studio 2010\Projects\LetsShopSolution\Mvc3LetsShopProject\bin\Mvc3LetsShopProject.dll" />
      <DeploymentItem filename="C:\Program Files (x86)\Microsoft ADO.NET Entity Framework 4.1 RC\Binaries\EntityFramework.dll" />
    </Deployment>
    <Execution>
      <TestTypeSpecific />
      <AgentRule name="Execution Agents">
      </AgentRule>
    </Execution>
  </TestSettings>
  <Times creation="2012-06-21T20:44:24.8142401+05:30" queuing="2012-06-21T20:44:25.4662401+05:30" start="2012-06-21T20:44:25.5202401+05:30" finish="2012-06-21T20:44:26.7942401+05:30" />
  <ResultSummary outcome="Completed">
    <Counters total="1" executed="1" passed="1" error="0" failed="0" timeout="0" aborted="0" inconclusive="0" passedButRunAborted="0" notRunnable="0" notExecuted="0" disconnected="0" warning="0" completed="0" inProgress="0" pending="0" />
  </ResultSummary>
  <TestDefinitions>
    <UnitTest name="AddToCartTest" storage="c:\users\adebna\documents\visual studio 2010\projects\letsshopsolution\mvc3letsshopproject.tests\bin\debug\mvc3letsshopproject.tests.dll" id="610a34d1-daf6-ebc9-255b-b2d4eaf1085a">
      <Execution id="be700eb8-89bb-4dc9-a05f-a8cb4de999ee" />
      <TestMethod codeBase="C:/Users/adebna/Documents/Visual Studio 2010/Projects/LetsShopSolution/Mvc3LetsShopProject.Tests/bin/Debug/Mvc3LetsShopProject.Tests.DLL" adapterTypeName="Microsoft.VisualStudio.TestTools.TestTypes.Unit.UnitTestAdapter, Microsoft.VisualStudio.QualityTools.Tips.UnitTest.Adapter, Version=10.0.0.0, Culture=neutral, PublicKeyToken=b03f5f7f11d50a3a" className="Mvc3LetsShopProject.Tests.ShoppingCartImplementationTest, Mvc3LetsShopProject.Tests, Version=1.0.0.0, Culture=neutral, PublicKeyToken=null" name="AddToCartTest" />
    </UnitTest>
  </TestDefinitions>
  <TestLists>
    <TestList name="Results Not in a List" id="8c84fa94-04c1-424b-9868-57a2d4851a1d" />
    <TestList name="All Loaded Results" id="19431567-8539-422a-85d7-44ee4e166bda" />
  </TestLists>
  <TestEntries>
    <TestEntry testId="610a34d1-daf6-ebc9-255b-b2d4eaf1085a" executionId="be700eb8-89bb-4dc9-a05f-a8cb4de999ee" testListId="8c84fa94-04c1-424b-9868-57a2d4851a1d" />
  </TestEntries>
  <Results>
    <UnitTestResult executionId="be700eb8-89bb-4dc9-a05f-a8cb4de999ee" testId="610a34d1-daf6-ebc9-255b-b2d4eaf1085a" testName="AddToCartTest" computerName="BLRADEBNA15041" duration="00:00:00.8286090" startTime="2012-06-21T20:44:25.5592401+05:30" endTime="2012-06-21T20:44:26.7452401+05:30" testType="13cdc9d9-ddb5-4fa4-a97d-d965ccfc6d4b" outcome="Passed" testListId="8c84fa94-04c1-424b-9868-57a2d4851a1d" relativeResultsDirectory="be700eb8-89bb-4dc9-a05f-a8cb4de999ee">
    </UnitTestResult>
  </Results>
</TestRun>