<?xml version="1.0" encoding="UTF-8"?>
<TestRun id="41a4f444-ab94-4457-a90a-52e5a61a62d3" name="adebna@BLRADEBNA15041 2012-06-21 20:45:59" runUser="SAPIENT\adebna" xmlns="http://microsoft.com/schemas/VisualStudio/TeamTest/2010">
  <TestSettings name="Default Test Settings" id="08db1bfc-fb15-4b4b-8659-b049c3414b09">
    <Deployment runDeploymentRoot="adebna_BLRADEBNA15041 2012-06-21 20_45_59">
      <DeploymentItem filename="C:\Program Files (x86)\Microsoft Enterprise Library 5.0\Bin\Microsoft.Practices.EnterpriseLibrary.Data.dll" />
      <DeploymentItem filename="C:\Program Files (x86)\Microsoft Enterprise Library 5.0\Bin\Microsoft.Practices.Unity.dll" />
      <DeploymentItem filename="C:\Program Files (x86)\Microsoft Enterprise Library 5.0\Bin\Microsoft.Practices.EnterpriseLibrary.Common.dll" />
      <DeploymentItem filename="C:\Program Files (x86)\Microsoft Enterprise Library 5.0\Bin\Microsoft.Practices.Unity.Configuration.dll" />
      <DeploymentItem filename="C:\Program Files (x86)\Microsoft Enterprise Library 5.0\Bin\Microsoft.Practices.Unity.Interception.dll" />
      <DeploymentItem filename="C:\Program Files (x86)\Microsoft Enterprise Library 5.0\Bin\Microsoft.Practices.Unity.Interception.Configuration.dll" />
      <DeploymentItem filename="C:\Program Files (x86)\Microsoft Enterprise Library 5.0\Bin\Microsoft.Practices.ServiceLocation.dll" />
      <DeploymentItem filename="C:\Users\adebna\Documents\Visual Studio 2010\Projects\LetsShopSolution\Mvc3LetsShopProject\bin\Mvc3LetsShopProject.dll" />
      <DeploymentItem filename="C:\Program Files (x86)\Microsoft ADO.NET Entity Framework 4.1 RC\Binaries\EntityFramework.dll" />
    </Deployment>
    <Execution>
      <TestTypeSpecific />
      <AgentRule name="Execution Agents">
      </AgentRule>
    </Execution>
  </TestSettings>
  <Times creation="2012-06-21T20:45:59.4102401+05:30" queuing="2012-06-21T20:45:59.8792401+05:30" start="2012-06-21T20:45:59.9172401+05:30" finish="2012-06-21T20:46:01.2882401+05:30" />
  <ResultSummary outcome="Failed">
    <Counters total="1" executed="1" error="0" failed="1" timeout="0" aborted="0" inconclusive="0" passedButRunAborted="0" notRunnable="0" notExecuted="0" disconnected="0" warning="0" passed="0" completed="0" inProgress="0" pending="0" />
  </ResultSummary>
  <TestDefinitions>
    <UnitTest name="RemoveFromCartTest" storage="c:\users\adebna\documents\visual studio 2010\projects\letsshopsolution\mvc3letsshopproject.tests\bin\debug\mvc3letsshopproject.tests.dll" id="5d531f86-1a30-8b83-208b-b8680ece99ce">
      <Execution id="5a5c8e7d-62a8-485d-b93d-206c0ad4c2cf" />
      <TestMethod codeBase="C:/Users/adebna/Documents/Visual Studio 2010/Projects/LetsShopSolution/Mvc3LetsShopProject.Tests/bin/Debug/Mvc3LetsShopProject.Tests.DLL" adapterTypeName="Microsoft.VisualStudio.TestTools.TestTypes.Unit.UnitTestAdapter, Microsoft.VisualStudio.QualityTools.Tips.UnitTest.Adapter, Version=10.0.0.0, Culture=neutral, PublicKeyToken=b03f5f7f11d50a3a" className="Mvc3LetsShopProject.Tests.ShoppingCartImplementationTest, Mvc3LetsShopProject.Tests, Version=1.0.0.0, Culture=neutral, PublicKeyToken=null" name="RemoveFromCartTest" />
    </UnitTest>
  </TestDefinitions>
  <TestLists>
    <TestList name="Results Not in a List" id="8c84fa94-04c1-424b-9868-57a2d4851a1d" />
    <TestList name="All Loaded Results" id="19431567-8539-422a-85d7-44ee4e166bda" />
  </TestLists>
  <TestEntries>
    <TestEntry testId="5d531f86-1a30-8b83-208b-b8680ece99ce" executionId="5a5c8e7d-62a8-485d-b93d-206c0ad4c2cf" testListId="8c84fa94-04c1-424b-9868-57a2d4851a1d" />
  </TestEntries>
  <Results>
    <UnitTestResult executionId="5a5c8e7d-62a8-485d-b93d-206c0ad4c2cf" testId="5d531f86-1a30-8b83-208b-b8680ece99ce" testName="RemoveFromCartTest" computerName="BLRADEBNA15041" duration="00:00:00.9018461" startTime="2012-06-21T20:45:59.9392401+05:30" endTime="2012-06-21T20:46:01.2482401+05:30" testType="13cdc9d9-ddb5-4fa4-a97d-d965ccfc6d4b" outcome="Failed" testListId="8c84fa94-04c1-424b-9868-57a2d4851a1d" relativeResultsDirectory="5a5c8e7d-62a8-485d-b93d-206c0ad4c2cf">
      <Output>
        <ErrorInfo>
          <Message>Assert.AreEqual failed. Expected:&lt;1&gt;. Actual:&lt;0&gt;. </Message>
          <StackTrace>   at Mvc3LetsShopProject.Tests.ShoppingCartImplementationTest.RemoveFromCartTest() in C:\Users\adebna\Documents\Visual Studio 2010\Projects\LetsShopSolution\Mvc3LetsShopProject.Tests\ShoppingCartImplementationTest.cs:line 131
</StackTrace>
        </ErrorInfo>
      </Output>
    </UnitTestResult>
  </Results>
</TestRun>