<?xml version="1.0" encoding="UTF-8"?>
<TestRun id="5cf653b5-9e4a-4585-b942-b15076da3d1e" name="adebna@BLRADEBNA15041 2012-06-21 20:41:20" runUser="SAPIENT\adebna" xmlns="http://microsoft.com/schemas/VisualStudio/TeamTest/2010">
  <TestSettings name="Default Test Settings" id="6872f4e8-8fc3-4386-be18-c9a5b9886c14">
    <Deployment runDeploymentRoot="adebna_BLRADEBNA15041 2012-06-21 20_41_20">
      <DeploymentItem filename="C:\Program Files (x86)\Microsoft Enterprise Library 5.0\Bin\Microsoft.Practices.EnterpriseLibrary.Data.dll" />
      <DeploymentItem filename="C:\Program Files (x86)\Microsoft Enterprise Library 5.0\Bin\Microsoft.Practices.Unity.dll" />
      <DeploymentItem filename="C:\Program Files (x86)\Microsoft Enterprise Library 5.0\Bin\Microsoft.Practices.EnterpriseLibrary.Common.dll" />
      <DeploymentItem filename="C:\Program Files (x86)\Microsoft Enterprise Library 5.0\Bin\Microsoft.Practices.Unity.Configuration.dll" />
      <DeploymentItem filename="C:\Program Files (x86)\Microsoft Enterprise Library 5.0\Bin\Microsoft.Practices.Unity.Interception.dll" />
      <DeploymentItem filename="C:\Program Files (x86)\Microsoft Enterprise Library 5.0\Bin\Microsoft.Practices.Unity.Interception.Configuration.dll" />
      <DeploymentItem filename="C:\Program Files (x86)\Microsoft Enterprise Library 5.0\Bin\Microsoft.Practices.ServiceLocation.dll" />
      <DeploymentItem filename="C:\Users\adebna\Documents\Visual Studio 2010\Projects\LetsShopSolution\Mvc3LetsShopProject\bin\Mvc3LetsShopProject.dll" />
      <DeploymentItem filename="C:\Program Files (x86)\Microsoft ADO.NET Entity Framework 4.1 RC\Binaries\EntityFramework.dll" />
    </Deployment>
    <Execution>
      <TestTypeSpecific />
      <AgentRule name="Execution Agents">
      </AgentRule>
    </Execution>
  </TestSettings>
  <Times creation="2012-06-21T20:41:20.4472401+05:30" queuing="2012-06-21T20:41:21.1582401+05:30" start="2012-06-21T20:41:21.2072401+05:30" finish="2012-06-21T20:41:22.3662401+05:30" />
  <ResultSummary outcome="Completed">
    <Counters total="1" executed="1" passed="1" error="0" failed="0" timeout="0" aborted="0" inconclusive="0" passedButRunAborted="0" notRunnable="0" notExecuted="0" disconnected="0" warning="0" completed="0" inProgress="0" pending="0" />
  </ResultSummary>
  <TestDefinitions>
    <UnitTest name="UpdateProductTest" storage="c:\users\adebna\documents\visual studio 2010\projects\letsshopsolution\mvc3letsshopproject.tests\bin\debug\mvc3letsshopproject.tests.dll" id="ea486a6c-a111-a951-a3b9-241ff47d6c5b">
      <Execution id="4e674e87-cd4c-4f9f-8eee-63d87fdcf117" />
      <TestMethod codeBase="C:/Users/adebna/Documents/Visual Studio 2010/Projects/LetsShopSolution/Mvc3LetsShopProject.Tests/bin/Debug/Mvc3LetsShopProject.Tests.DLL" adapterTypeName="Microsoft.VisualStudio.TestTools.TestTypes.Unit.UnitTestAdapter, Microsoft.VisualStudio.QualityTools.Tips.UnitTest.Adapter, Version=10.0.0.0, Culture=neutral, PublicKeyToken=b03f5f7f11d50a3a" className="Mvc3LetsShopProject.Tests.LetsShopImplementationTest, Mvc3LetsShopProject.Tests, Version=1.0.0.0, Culture=neutral, PublicKeyToken=null" name="UpdateProductTest" />
    </UnitTest>
  </TestDefinitions>
  <TestLists>
    <TestList name="Results Not in a List" id="8c84fa94-04c1-424b-9868-57a2d4851a1d" />
    <TestList name="All Loaded Results" id="19431567-8539-422a-85d7-44ee4e166bda" />
  </TestLists>
  <TestEntries>
    <TestEntry testId="ea486a6c-a111-a951-a3b9-241ff47d6c5b" executionId="4e674e87-cd4c-4f9f-8eee-63d87fdcf117" testListId="8c84fa94-04c1-424b-9868-57a2d4851a1d" />
  </TestEntries>
  <Results>
    <UnitTestResult executionId="4e674e87-cd4c-4f9f-8eee-63d87fdcf117" testId="ea486a6c-a111-a951-a3b9-241ff47d6c5b" testName="UpdateProductTest" computerName="BLRADEBNA15041" duration="00:00:00.7419090" startTime="2012-06-21T20:41:21.2282401+05:30" endTime="2012-06-21T20:41:22.3222401+05:30" testType="13cdc9d9-ddb5-4fa4-a97d-d965ccfc6d4b" outcome="Passed" testListId="8c84fa94-04c1-424b-9868-57a2d4851a1d" relativeResultsDirectory="4e674e87-cd4c-4f9f-8eee-63d87fdcf117">
    </UnitTestResult>
  </Results>
</TestRun>