<?xml version="1.0" encoding="UTF-8"?>
<TestRun id="078e9d66-587d-4ab7-ae2c-2c2dbf911103" name="adebna@BLRADEBNA15041 2012-06-21 20:14:08" runUser="SAPIENT\adebna" xmlns="http://microsoft.com/schemas/VisualStudio/TeamTest/2010">
  <TestSettings name="Default Test Settings" id="03d440ba-fcc3-4a4d-9cbd-84e9a274ad5c">
    <Deployment runDeploymentRoot="adebna_BLRADEBNA15041 2012-06-21 20_14_08">
      <DeploymentItem filename="C:\Program Files (x86)\Microsoft Enterprise Library 5.0\Bin\Microsoft.Practices.EnterpriseLibrary.Data.dll" />
      <DeploymentItem filename="C:\Program Files (x86)\Microsoft Enterprise Library 5.0\Bin\Microsoft.Practices.Unity.dll" />
      <DeploymentItem filename="C:\Program Files (x86)\Microsoft Enterprise Library 5.0\Bin\Microsoft.Practices.EnterpriseLibrary.Common.dll" />
      <DeploymentItem filename="C:\Program Files (x86)\Microsoft Enterprise Library 5.0\Bin\Microsoft.Practices.Unity.Configuration.dll" />
      <DeploymentItem filename="C:\Program Files (x86)\Microsoft Enterprise Library 5.0\Bin\Microsoft.Practices.Unity.Interception.dll" />
      <DeploymentItem filename="C:\Program Files (x86)\Microsoft Enterprise Library 5.0\Bin\Microsoft.Practices.Unity.Interception.Configuration.dll" />
      <DeploymentItem filename="C:\Program Files (x86)\Microsoft Enterprise Library 5.0\Bin\Microsoft.Practices.ServiceLocation.dll" />
      <DeploymentItem filename="C:\Users\adebna\Documents\Visual Studio 2010\Projects\LetsShopSolution\Mvc3LetsShopProject\bin\Mvc3LetsShopProject.dll" />
      <DeploymentItem filename="C:\Program Files (x86)\Microsoft ADO.NET Entity Framework 4.1 RC\Binaries\EntityFramework.dll" />
    </Deployment>
    <Execution>
      <TestTypeSpecific />
      <AgentRule name="Execution Agents">
      </AgentRule>
    </Execution>
  </TestSettings>
  <Times creation="2012-06-21T20:14:08.3762401+05:30" queuing="2012-06-21T20:14:11.6062401+05:30" start="2012-06-21T20:14:11.8322401+05:30" finish="2012-06-21T20:14:15.4622401+05:30" />
  <ResultSummary outcome="Failed">
    <Counters total="1" executed="1" error="0" failed="1" timeout="0" aborted="0" inconclusive="0" passedButRunAborted="0" notRunnable="0" notExecuted="0" disconnected="0" warning="0" passed="0" completed="0" inProgress="0" pending="0" />
  </ResultSummary>
  <TestDefinitions>
    <UnitTest name="CreateProductTest" storage="c:\users\adebna\documents\visual studio 2010\projects\letsshopsolution\mvc3letsshopproject.tests\bin\debug\mvc3letsshopproject.tests.dll" id="e276d8c8-0dcf-4258-b465-0d1c21a4de48">
      <Execution id="00497d03-5ab7-48b5-8d53-496ada19a469" />
      <TestMethod codeBase="C:/Users/adebna/Documents/Visual Studio 2010/Projects/LetsShopSolution/Mvc3LetsShopProject.Tests/bin/Debug/Mvc3LetsShopProject.Tests.DLL" adapterTypeName="Microsoft.VisualStudio.TestTools.TestTypes.Unit.UnitTestAdapter, Microsoft.VisualStudio.QualityTools.Tips.UnitTest.Adapter, Version=10.0.0.0, Culture=neutral, PublicKeyToken=b03f5f7f11d50a3a" className="Mvc3LetsShopProject.Tests.LetsShopImplementationTest, Mvc3LetsShopProject.Tests, Version=1.0.0.0, Culture=neutral, PublicKeyToken=null" name="CreateProductTest" />
    </UnitTest>
  </TestDefinitions>
  <TestLists>
    <TestList name="Results Not in a List" id="8c84fa94-04c1-424b-9868-57a2d4851a1d" />
    <TestList name="All Loaded Results" id="19431567-8539-422a-85d7-44ee4e166bda" />
  </TestLists>
  <TestEntries>
    <TestEntry testId="e276d8c8-0dcf-4258-b465-0d1c21a4de48" executionId="00497d03-5ab7-48b5-8d53-496ada19a469" testListId="8c84fa94-04c1-424b-9868-57a2d4851a1d" />
  </TestEntries>
  <Results>
    <UnitTestResult executionId="00497d03-5ab7-48b5-8d53-496ada19a469" testId="e276d8c8-0dcf-4258-b465-0d1c21a4de48" testName="CreateProductTest" computerName="BLRADEBNA15041" duration="00:00:01.2866197" startTime="2012-06-21T20:14:11.9442401+05:30" endTime="2012-06-21T20:14:13.8082401+05:30" testType="13cdc9d9-ddb5-4fa4-a97d-d965ccfc6d4b" outcome="Failed" testListId="8c84fa94-04c1-424b-9868-57a2d4851a1d" relativeResultsDirectory="00497d03-5ab7-48b5-8d53-496ada19a469">
      <Output>
        <ErrorInfo>
          <Message>Test method Mvc3LetsShopProject.Tests.LetsShopImplementationTest.CreateProductTest threw exception: 
System.Data.SqlClient.SqlException: Procedure or function CreateProduct has too many arguments specified.</Message>
          <StackTrace>    at System.Data.SqlClient.SqlConnection.OnError(SqlException exception, Boolean breakConnection)
   at System.Data.SqlClient.SqlInternalConnection.OnError(SqlException exception, Boolean breakConnection)
   at System.Data.SqlClient.TdsParser.ThrowExceptionAndWarning()
   at System.Data.SqlClient.TdsParser.Run(RunBehavior runBehavior, SqlCommand cmdHandler, SqlDataReader dataStream, BulkCopySimpleResultSet bulkCopyHandler, TdsParserStateObject stateObj)
   at System.Data.SqlClient.SqlCommand.FinishExecuteReader(SqlDataReader ds, RunBehavior runBehavior, String resetOptionsString)
   at System.Data.SqlClient.SqlCommand.RunExecuteReaderTds(CommandBehavior cmdBehavior, RunBehavior runBehavior, Boolean returnStream, Boolean async)
   at System.Data.SqlClient.SqlCommand.RunExecuteReader(CommandBehavior cmdBehavior, RunBehavior runBehavior, Boolean returnStream, String method, DbAsyncResult result)
   at System.Data.SqlClient.SqlCommand.InternalExecuteNonQuery(DbAsyncResult result, String methodName, Boolean sendToPipe)
   at System.Data.SqlClient.SqlCommand.ExecuteNonQuery()
   at Microsoft.Practices.EnterpriseLibrary.Data.Database.DoExecuteNonQuery(DbCommand command) in e:\Builds\EntLib\Latest\Source\Blocks\Data\Src\Data\Database.cs:line 443
   at Microsoft.Practices.EnterpriseLibrary.Data.Database.ExecuteNonQuery(DbCommand command) in e:\Builds\EntLib\Latest\Source\Blocks\Data\Src\Data\Database.cs:line 714
   at DAO.DataProvider.AddProductToDB(Product prod) in C:\Users\adebna\Documents\Visual Studio 2010\Projects\LetsShopSolution\Mvc3LetsShopProject\Models\DAO\DataProvider.cs:line 58
   at Mvc3LetsShopProject.Models.DAO.LetsShopImplementation.CreateProduct(Product product) in C:\Users\adebna\Documents\Visual Studio 2010\Projects\LetsShopSolution\Mvc3LetsShopProject\Models\DAO\LetsShopImplementation.cs:line 25
   at Mvc3LetsShopProject.Tests.LetsShopImplementationTest.CreateProductTest() in C:\Users\adebna\Documents\Visual Studio 2010\Projects\LetsShopSolution\Mvc3LetsShopProject.Tests\LetsShopImplementationTest.cs:line 95
</StackTrace>
        </ErrorInfo>
      </Output>
    </UnitTestResult>
  </Results>
</TestRun>