<?xml version="1.0" encoding="UTF-8"?>
<TestRun id="fb28b340-1d9b-4ad3-a04b-01c04cff14ce" name="adebna@BLRADEBNA15041 2012-06-22 10:17:44" runUser="SAPIENT\adebna" xmlns="http://microsoft.com/schemas/VisualStudio/TeamTest/2010">
  <TestSettings name="Default Test Settings" id="036f4f59-91eb-4bd3-a8eb-285f7e543d05">
    <Deployment runDeploymentRoot="adebna_BLRADEBNA15041 2012-06-22 10_17_44">
      <DeploymentItem filename="C:\Program Files (x86)\Microsoft Enterprise Library 5.0\Bin\Microsoft.Practices.EnterpriseLibrary.Data.dll" />
      <DeploymentItem filename="C:\Program Files (x86)\Microsoft Enterprise Library 5.0\Bin\Microsoft.Practices.Unity.dll" />
      <DeploymentItem filename="C:\Program Files (x86)\Microsoft Enterprise Library 5.0\Bin\Microsoft.Practices.EnterpriseLibrary.Common.dll" />
      <DeploymentItem filename="C:\Program Files (x86)\Microsoft Enterprise Library 5.0\Bin\Microsoft.Practices.Unity.Configuration.dll" />
      <DeploymentItem filename="C:\Program Files (x86)\Microsoft Enterprise Library 5.0\Bin\Microsoft.Practices.Unity.Interception.dll" />
      <DeploymentItem filename="C:\Program Files (x86)\Microsoft Enterprise Library 5.0\Bin\Microsoft.Practices.Unity.Interception.Configuration.dll" />
      <DeploymentItem filename="C:\Program Files (x86)\Microsoft Enterprise Library 5.0\Bin\Microsoft.Practices.ServiceLocation.dll" />
      <DeploymentItem filename="C:\Users\adebna\Documents\Visual Studio 2010\Projects\LetsShopSolution\Mvc3LetsShopProject\bin\Mvc3LetsShopProject.dll" />
      <DeploymentItem filename="C:\Program Files (x86)\Microsoft ADO.NET Entity Framework 4.1 RC\Binaries\EntityFramework.dll" />
    </Deployment>
    <Execution>
      <TestTypeSpecific />
      <AgentRule name="Execution Agents">
      </AgentRule>
    </Execution>
  </TestSettings>
  <Times creation="2012-06-22T10:17:44.1859872+05:30" queuing="2012-06-22T10:17:46.4592145+05:30" start="2012-06-22T10:17:46.6422328+05:30" finish="2012-06-22T10:17:48.5294215+05:30" />
  <ResultSummary outcome="Failed">
    <Counters total="1" executed="1" error="0" failed="1" timeout="0" aborted="0" inconclusive="0" passedButRunAborted="0" notRunnable="0" notExecuted="0" disconnected="0" warning="0" passed="0" completed="0" inProgress="0" pending="0" />
  </ResultSummary>
  <TestDefinitions>
    <UnitTest name="DeleteProductTest" storage="c:\users\adebna\documents\visual studio 2010\projects\letsshopsolution\mvc3letsshopproject.tests\bin\debug\mvc3letsshopproject.tests.dll" id="287daaa4-6ef6-4da7-e26d-cb4e3df4d292">
      <Execution id="3d13cb5b-73e1-4aa1-acd4-963c76a83020" />
      <TestMethod codeBase="C:/Users/adebna/Documents/Visual Studio 2010/Projects/LetsShopSolution/Mvc3LetsShopProject.Tests/bin/Debug/Mvc3LetsShopProject.Tests.DLL" adapterTypeName="Microsoft.VisualStudio.TestTools.TestTypes.Unit.UnitTestAdapter, Microsoft.VisualStudio.QualityTools.Tips.UnitTest.Adapter, Version=10.0.0.0, Culture=neutral, PublicKeyToken=b03f5f7f11d50a3a" className="Mvc3LetsShopProject.Tests.LetsShopImplementationTest, Mvc3LetsShopProject.Tests, Version=1.0.0.0, Culture=neutral, PublicKeyToken=null" name="DeleteProductTest" />
    </UnitTest>
  </TestDefinitions>
  <TestLists>
    <TestList name="Results Not in a List" id="8c84fa94-04c1-424b-9868-57a2d4851a1d" />
    <TestList name="All Loaded Results" id="19431567-8539-422a-85d7-44ee4e166bda" />
  </TestLists>
  <TestEntries>
    <TestEntry testId="287daaa4-6ef6-4da7-e26d-cb4e3df4d292" executionId="3d13cb5b-73e1-4aa1-acd4-963c76a83020" testListId="8c84fa94-04c1-424b-9868-57a2d4851a1d" />
  </TestEntries>
  <Results>
    <UnitTestResult executionId="3d13cb5b-73e1-4aa1-acd4-963c76a83020" testId="287daaa4-6ef6-4da7-e26d-cb4e3df4d292" testName="DeleteProductTest" computerName="BLRADEBNA15041" duration="00:00:01.0859112" startTime="2012-06-22T10:17:46.7282414+05:30" endTime="2012-06-22T10:17:48.4384124+05:30" testType="13cdc9d9-ddb5-4fa4-a97d-d965ccfc6d4b" outcome="Failed" testListId="8c84fa94-04c1-424b-9868-57a2d4851a1d" relativeResultsDirectory="3d13cb5b-73e1-4aa1-acd4-963c76a83020">
      <Output>
        <ErrorInfo>
          <Message>Assert.AreEqual failed. Expected:&lt;Product Deleted Successfully&gt;. Actual:&lt;Product Id doesnot exists&gt;. </Message>
          <StackTrace>   at Mvc3LetsShopProject.Tests.LetsShopImplementationTest.DeleteProductTest() in C:\Users\adebna\Documents\Visual Studio 2010\Projects\LetsShopSolution\Mvc3LetsShopProject.Tests\LetsShopImplementationTest.cs:line 115
</StackTrace>
        </ErrorInfo>
      </Output>
    </UnitTestResult>
  </Results>
</TestRun>